#
# There is insufficient memory for the Java Runtime Environment to continue.
# Native memory allocation (malloc) failed to allocate 1048576 bytes for AllocateHeap
# Possible reasons:
#   The system is out of physical RAM or swap space
#   The process is running with CompressedOops enabled, and the Java Heap may be blocking the growth of the native heap
# Possible solutions:
#   Reduce memory load on the system
#   Increase physical memory or swap space
#   Check if swap backing store is full
#   Decrease Java heap size (-Xmx/-Xms)
#   Decrease number of Java threads
#   Decrease Java thread stack sizes (-Xss)
#   Set larger code cache with -XX:ReservedCodeCacheSize=
#   JVM is running with Unscaled Compressed Oops mode in which the Java heap is
#     placed in the first 4GB address space. The Java Heap base address is the
#     maximum limit for the native heap growth. Please use -XX:HeapBaseMinAddress
#     to set the Java Heap base and to place the Java Heap above 4GB virtual address.
# This output file may be truncated or incomplete.
#
#  Out of Memory Error (allocation.cpp:44), pid=5244, tid=10188
#
# JRE version:  (16.0.1+9) (build )
# Java VM: Java HotSpot(TM) 64-Bit Server VM (16.0.1+9-24, mixed mode, sharing, tiered, compressed oops, compressed class ptrs, g1 gc, windows-amd64)
# No core dump will be written. Minidumps are not enabled by default on client versions of Windows
#

---------------  S U M M A R Y ------------

Command Line: -Dfile.encoding=Cp1252 -XX:+ShowCodeDetailsInExceptionMessages com.stockaccountmanagement.StockManagementMain

Host: Intel(R) Core(TM) i3-5010U CPU @ 2.10GHz, 4 cores, 3G,  Windows 10 , 64 bit Build 18362 (10.0.18362.1500)
Time: Fri Jul 23 20:34:55 2021 India Standard Time elapsed time: 0.025806 seconds (0d 0h 0m 0s)

---------------  T H R E A D  ---------------

Current thread (0x000001fbd8e7ff60):  JavaThread "Unknown thread" [_thread_in_vm, id=10188, stack(0x000000b647700000,0x000000b647800000)]

Stack: [0x000000b647700000,0x000000b647800000]
Native frames: (J=compiled Java code, j=interpreted, Vv=VM code, C=native code)
V  [jvm.dll+0x6687ca]
V  [jvm.dll+0x7ca3c9]
V  [jvm.dll+0x7cbb53]
V  [jvm.dll+0x7cc1b3]
V  [jvm.dll+0x242ea5]
V  [jvm.dll+0xa8742]
V  [jvm.dll+0x2dccc4]
V  [jvm.dll+0x2d482b]
V  [jvm.dll+0x79ccb1]
V  [jvm.dll+0x360de1]
V  [jvm.dll+0x77a990]
V  [jvm.dll+0x3e55af]
V  [jvm.dll+0x3e7081]
C  [jli.dll+0x52fb]
C  [ucrtbase.dll+0x210b2]
C  [KERNEL32.DLL+0x17c24]
C  [ntdll.dll+0x6d721]


---------------  P R O C E S S  ---------------

Threads class SMR info:
_java_thread_list=0x00007ff8a62ccbb8, length=0, elements={
}

Java Threads: ( => current thread )

Other Threads:
  0x000001fbd8eae6c0 GCTaskThread "GC Thread#0" [stack: 0x000000b647800000,0x000000b647900000] [id=6292]

[error occurred during error reporting (printing all threads), id 0xc0000005, EXCEPTION_ACCESS_VIOLATION (0xc0000005) at pc=0x00007ff8a5aa19b0]

VM state: not at safepoint (not fully initialized)

VM Mutex/Monitor currently owned by a thread:  ([mutex/lock_event])
[0x000001fbd6d0b850] Heap_lock - owner thread: 0x000001fbd8e7ff60

Heap address: 0x00000000c1200000, size: 1006 MB, Compressed Oops mode: 32-bit

CDS archive(s) mapped at: [0x0000000000000000-0x0000000000000000-0x0000000000000000), size 0, SharedBaseAddress: 0x0000000800000000, ArchiveRelocationMode: 0.
Narrow klass base: 0x0000000000000000, Narrow klass shift: 0, Narrow klass range: 0x0

GC Precious Log:
<Empty>

Heap:
 garbage-first heap   total 0K, used 0K [0x00000000c1200000, 0x0000000100000000)
  region size 1024K, 0 young (0K), 0 survivors (0K)

[error occurred during error reporting (printing heap information), id 0xc0000005, EXCEPTION_ACCESS_VIOLATION (0xc0000005) at pc=0x00007ff8a5e824ed]

GC Heap History (0 events):
No events

Deoptimization events (0 events):
No events

Classes unloaded (0 events):
No events

Classes redefined (0 events):
No events

Internal exceptions (0 events):
No events

Events (1 events):
Event: 0.017 Loaded shared library C:\Program Files\Java\jdk-16.0.1\bin\java.dll


Dynamic libraries:
0x00007ff6a8b20000 - 0x00007ff6a8b30000 	C:\Program Files\Java\jdk-16.0.1\bin\javaw.exe
0x00007ff8e8420000 - 0x00007ff8e8610000 	C:\WINDOWS\SYSTEM32\ntdll.dll
0x00007ff8ca1e0000 - 0x00007ff8ca1f3000 	C:\Program Files\AVAST Software\Avast\aswhook.dll
0x00007ff8e7bb0000 - 0x00007ff8e7c62000 	C:\WINDOWS\System32\KERNEL32.DLL
0x00007ff8e57e0000 - 0x00007ff8e5a85000 	C:\WINDOWS\System32\KERNELBASE.dll
0x00007ff8e5b40000 - 0x00007ff8e5c3a000 	C:\WINDOWS\System32\ucrtbase.dll
0x00007ff8df470000 - 0x00007ff8df488000 	C:\Program Files\Java\jdk-16.0.1\bin\jli.dll
0x00007ff8d8860000 - 0x00007ff8d8879000 	C:\Program Files\Java\jdk-16.0.1\bin\VCRUNTIME140.dll
0x00007ff8e6f20000 - 0x00007ff8e6fc3000 	C:\WINDOWS\System32\ADVAPI32.dll
0x00007ff8e6e80000 - 0x00007ff8e6f1e000 	C:\WINDOWS\System32\msvcrt.dll
0x00007ff8e64d0000 - 0x00007ff8e6567000 	C:\WINDOWS\System32\sechost.dll
0x00007ff8e81b0000 - 0x00007ff8e82cf000 	C:\WINDOWS\System32\RPCRT4.dll
0x00007ff8e7220000 - 0x00007ff8e73b4000 	C:\WINDOWS\System32\USER32.dll
0x00007ff8e5cd0000 - 0x00007ff8e5cf1000 	C:\WINDOWS\System32\win32u.dll
0x00007ff8e6e50000 - 0x00007ff8e6e76000 	C:\WINDOWS\System32\GDI32.dll
0x00007ff8c9f40000 - 0x00007ff8ca1c4000 	C:\WINDOWS\WinSxS\amd64_microsoft.windows.common-controls_6595b64144ccf1df_6.0.18362.1556_none_9e7e372fe45e41d5\COMCTL32.dll
0x00007ff8e5580000 - 0x00007ff8e5718000 	C:\WINDOWS\System32\gdi32full.dll
0x00007ff8e5720000 - 0x00007ff8e57be000 	C:\WINDOWS\System32\msvcp_win.dll
0x00007ff8e7420000 - 0x00007ff8e7756000 	C:\WINDOWS\System32\combase.dll
0x00007ff8e5c40000 - 0x00007ff8e5cc1000 	C:\WINDOWS\System32\bcryptPrimitives.dll
0x00007ff8dad60000 - 0x00007ff8dad6a000 	C:\WINDOWS\SYSTEM32\VERSION.dll
0x00007ff8e71f0000 - 0x00007ff8e721e000 	C:\WINDOWS\System32\IMM32.DLL
0x00007ff8dd000000 - 0x00007ff8dd00c000 	C:\Program Files\Java\jdk-16.0.1\bin\vcruntime140_1.dll
0x00007ff8af310000 - 0x00007ff8af3a1000 	C:\Program Files\Java\jdk-16.0.1\bin\msvcp140.dll
0x00007ff8a57c0000 - 0x00007ff8a636b000 	C:\Program Files\Java\jdk-16.0.1\bin\server\jvm.dll
0x00007ff8e7a00000 - 0x00007ff8e7a08000 	C:\WINDOWS\System32\PSAPI.DLL
0x00007ff8d5290000 - 0x00007ff8d5299000 	C:\WINDOWS\SYSTEM32\WSOCK32.dll
0x00007ff8e7a10000 - 0x00007ff8e7a7f000 	C:\WINDOWS\System32\WS2_32.dll
0x00007ff8e2e90000 - 0x00007ff8e2eb4000 	C:\WINDOWS\SYSTEM32\WINMM.dll
0x00007ff8e2e60000 - 0x00007ff8e2e8d000 	C:\WINDOWS\SYSTEM32\winmmbase.dll
0x00007ff8e5d00000 - 0x00007ff8e5d4a000 	C:\WINDOWS\System32\cfgmgr32.dll
0x00007ff8e5300000 - 0x00007ff8e5311000 	C:\WINDOWS\System32\kernel.appcore.dll
0x00007ff8dcee0000 - 0x00007ff8dceea000 	C:\Program Files\Java\jdk-16.0.1\bin\jimage.dll
0x00007ff8da570000 - 0x00007ff8da764000 	C:\WINDOWS\SYSTEM32\DBGHELP.DLL
0x00007ff8daca0000 - 0x00007ff8dacca000 	C:\WINDOWS\SYSTEM32\dbgcore.DLL
0x00007ff8d3c00000 - 0x00007ff8d3c25000 	C:\Program Files\Java\jdk-16.0.1\bin\java.dll

dbghelp: loaded successfully - version: 4.0.5 - missing functions: none
symbol engine: initialized successfully - sym options: 0x614 - pdb path: .;C:\Program Files\Java\jdk-16.0.1\bin;C:\WINDOWS\SYSTEM32;C:\Program Files\AVAST Software\Avast;C:\WINDOWS\WinSxS\amd64_microsoft.windows.common-controls_6595b64144ccf1df_6.0.18362.1556_none_9e7e372fe45e41d5;C:\Program Files\Java\jdk-16.0.1\bin\server

VM Arguments:
jvm_args: -Dfile.encoding=Cp1252 -XX:+ShowCodeDetailsInExceptionMessages 
java_command: com.stockaccountmanagement.StockManagementMain
java_class_path (initial): C:\Users\admin\eclipse-workspace\StockAccountManagement\bin;F:\json-simple-1.1.jar
Launcher Type: SUN_STANDARD

[Global flags]
     intx CICompilerCount                          = 3                                         {product} {ergonomic}
     uint ConcGCThreads                            = 1                                         {product} {ergonomic}
     uint G1ConcRefinementThreads                  = 4                                         {product} {ergonomic}
   size_t G1HeapRegionSize                         = 1048576                                   {product} {ergonomic}
    uintx GCDrainStackTargetSize                   = 64                                        {product} {ergonomic}
   size_t InitialHeapSize                          = 67108864                                  {product} {ergonomic}
   size_t MarkStackSize                            = 4194304                                   {product} {ergonomic}
   size_t MaxHeapSize                              = 1054867456                                {product} {ergonomic}
   size_t MinHeapDeltaBytes                        = 1048576                                   {product} {ergonomic}
   size_t MinHeapSize                              = 8388608                                   {product} {ergonomic}
    uintx NonNMethodCodeHeapSize                   = 5832780                                {pd product} {ergonomic}
    uintx NonProfiledCodeHeapSize                  = 122912730                              {pd product} {ergonomic}
    uintx ProfiledCodeHeapSize                     = 122912730                              {pd product} {ergonomic}
    uintx ReservedCodeCacheSize                    = 251658240                              {pd product} {ergonomic}
     bool SegmentedCodeCache                       = true                                      {product} {ergonomic}
     bool ShowCodeDetailsInExceptionMessages       = true                                   {manageable} {command line}
   size_t SoftMaxHeapSize                          = 1054867456                             {manageable} {ergonomic}
     bool UseCompressedClassPointers               = true                           {product lp64_product} {ergonomic}
     bool UseCompressedOops                        = true                           {product lp64_product} {ergonomic}
     bool UseG1GC                                  = true                                      {product} {ergonomic}
     bool UseLargePagesIndividualAllocation        = false                                  {pd product} {ergonomic}

Logging:
Log output configuration:
 #0: stdout all=warning uptime,level,tags
 #1: stderr all=off uptime,level,tags

Environment Variables:
PATH=C:\Program Files\Common Files\Oracle\Java\javapath;C:\WINDOWS\system32;C:\WINDOWS;C:\WINDOWS\System32\Wbem;C:\WINDOWS\System32\WindowsPowerShell\v1.0\;C:\WINDOWS\System32\OpenSSH\;C:\Android;C:\Windows\System32;C:\Program Files\Git\cmd;C:\Program Files\Java\jdk-16.0.1\bin;C:\Users\admin\Gradle\gradle-7.1.1\bin
USERNAME=admin
OS=Windows_NT
PROCESSOR_IDENTIFIER=Intel64 Family 6 Model 61 Stepping 4, GenuineIntel



---------------  S Y S T E M  ---------------

OS:
 Windows 10 , 64 bit Build 18362 (10.0.18362.1500)
OS uptime: 10 days 0:31 hours

CPU: total 4 (initial active 4) (2 cores per cpu, 2 threads per core) family 6 model 61 stepping 4 microcode 0x2f, cx8, cmov, fxsr, ht, mmx, 3dnowpref, sse, sse2, sse3, ssse3, sse4.1, sse4.2, popcnt, lzcnt, tsc, tscinvbit, avx, avx2, aes, erms, clmul, bmi1, bmi2, adx, fma, vzeroupper, clflush

Memory: 4k page, system-wide physical 4016M (580M free)
TotalPageFile size 7016M (AvailPageFile size 4M)
current process WorkingSet (physical memory assigned to process): 9M, peak: 9M
current process commit charge ("private bytes"): 49M, peak: 50M

vm_info: Java HotSpot(TM) 64-Bit Server VM (16.0.1+9-24) for windows-amd64 JRE (16.0.1+9-24), built on Mar 26 2021 19:31:42 by "mach5one" with MS VC++ 16.7 (VS2019)

END.
